Using pre-set license

 COMMAND LINE ARGUMENTS:
/Users/codeninjas/Documents/2020.3.3f1/Unity.app/Contents/MacOS/Unity
-adb2
-batchMode
-noUpm
-name
AssetImportWorker0
-projectPath
/Users/codeninjas/Desktop/JordanNielson/Anabel-StacksCubesWAINOITHOIUGHTTIQAS/Stack
-logFile
Logs/AssetImportWorker0.log
-srvPort
51148
Successfully changed project path to: /Users/codeninjas/Desktop/JordanNielson/Anabel-StacksCubesWAINOITHOIUGHTTIQAS/Stack
/Users/codeninjas/Desktop/JordanNielson/Anabel-StacksCubesWAINOITHOIUGHTTIQAS/Stack
Using Asset Import Pipeline V2.
Refreshing native plugins compatible for Editor in 28.49 ms, found 1 plugins.
Preloading 0 native plugins for Editor in 0.00 ms.
Initialize engine version: 2020.3.3f1 (76626098c1c4)
[Subsystems] Discovering subsystems at path /Users/codeninjas/Documents/2020.3.3f1/Unity.app/Contents/Resources/UnitySubsystems
[Subsystems] Discovering subsystems at path /Users/codeninjas/Desktop/JordanNielson/Anabel-StacksCubesWAINOITHOIUGHTTIQAS/Stack/Assets
GfxDevice: creating device client; threaded=0
2021-06-04 17:48:21.768 Unity[6270:129389] Color LCD preferred device: Intel(R) Iris(TM) Plus Graphics 640 (low power)
2021-06-04 17:48:21.768 Unity[6270:129389] Metal devices available: 1
2021-06-04 17:48:21.768 Unity[6270:129389] 0: Intel(R) Iris(TM) Plus Graphics 640 (low power)
2021-06-04 17:48:21.769 Unity[6270:129389] Using device Intel(R) Iris(TM) Plus Graphics 640 (low power)
Initializing Metal device caps: Intel(R) Iris(TM) Plus Graphics 640
Initialize mono
Mono path[0] = '/Users/codeninjas/Documents/2020.3.3f1/Unity.app/Contents/Managed'
Mono path[1] = '/Users/codeninjas/Documents/2020.3.3f1/Unity.app/Contents/MonoBleedingEdge/lib/mono/unityjit'
Mono config path = '/Users/codeninjas/Documents/2020.3.3f1/Unity.app/Contents/MonoBleedingEdge/etc'
Using monoOptions --debugger-agent=transport=dt_socket,embedding=1,server=y,suspend=n,address=127.0.0.1:56270
Begin MonoManager ReloadAssembly
Registering precompiled unity dll's ...
Register platform support module: /Users/codeninjas/Documents/2020.3.3f1/Unity.app/Contents/PlaybackEngines/MacStandaloneSupport/UnityEditor.OSXStandalone.Extensions.dll
Registered in 0.000466 seconds.
Native extension for OSXStandalone target not found
Refreshing native plugins compatible for Editor in 27.98 ms, found 1 plugins.
Preloading 0 native plugins for Editor in 0.00 ms.
Invoked RoslynAnalysisRunner static constructor.
RoslynAnalysisRunner will not be running.
RoslynAnalysisRunner has terminated.
Mono: successfully reloaded assembly
- Completed reload, in  1.827 seconds
Platform modules already initialized, skipping
Registering precompiled user dll's ...
Registered in 0.000391 seconds.
Begin MonoManager ReloadAssembly
Native extension for OSXStandalone target not found
Refreshing native plugins compatible for Editor in 0.22 ms, found 1 plugins.
Preloading 0 native plugins for Editor in 0.00 ms.
Invoked RoslynAnalysisRunner static constructor.
RoslynAnalysisRunner will not be running.
RoslynAnalysisRunner has terminated.
Mono: successfully reloaded assembly
- Completed reload, in  1.058 seconds
Platform modules already initialized, skipping
========================================================================
Worker process is ready to serve import requests
Launching external process: /Users/codeninjas/Documents/2020.3.3f1/Unity.app/Contents/Tools/UnityShaderCompiler
Launched and connected shader compiler UnityShaderCompiler after 0.02 seconds
Refreshing native plugins compatible for Editor in 0.26 ms, found 1 plugins.
Preloading 0 native plugins for Editor in 0.00 ms.
Unloading 1115 Unused Serialized files (Serialized files now loaded: 0)
System memory in use before: 108.4 MB.
System memory in use after: 108.5 MB.

Unloading 10 unused Assets to reduce memory usage. Loaded Objects now: 1557.
Total: 2.929279 ms (FindLiveObjects: 0.307318 ms CreateObjectMapping: 0.091764 ms MarkObjects: 2.398207 ms  DeleteObjects: 0.129736 ms)

========================================================================
Received Import Request.
  path: Assets/Scripts
  artifactKey: Guid(cd519357bfe0547648b2228d2dc68723) Importer(815301076,1909f56bfc062723c751e8b465ee728b)
Start importing Assets/Scripts using Guid(cd519357bfe0547648b2228d2dc68723) Importer(815301076,1909f56bfc062723c751e8b465ee728b)  -> (artifact id: '00286f76234631daee67e35cc4a52e70') in 0.006985 seconds
  Import took 0.010481 seconds .

========================================================================
Received Import Request.
  Time since last request: 11.191160 seconds.
  path: Assets/Prefabs
  artifactKey: Guid(6cade484e46364d0181b97c9daab9662) Importer(815301076,1909f56bfc062723c751e8b465ee728b)
Start importing Assets/Prefabs using Guid(6cade484e46364d0181b97c9daab9662) Importer(815301076,1909f56bfc062723c751e8b465ee728b)  -> (artifact id: '57759a7115a4d46f06c1229e1f03fa42') in 0.002557 seconds
  Import took 0.007597 seconds .

========================================================================
Received Prepare
Registering precompiled user dll's ...
Registered in 0.000390 seconds.
Begin MonoManager ReloadAssembly
Native extension for OSXStandalone target not found
Refreshing native plugins compatible for Editor in 0.39 ms, found 1 plugins.
Preloading 0 native plugins for Editor in 0.00 ms.
Invoked RoslynAnalysisRunner static constructor.
RoslynAnalysisRunner will not be running.
RoslynAnalysisRunner has terminated.
Mono: successfully reloaded assembly
- Completed reload, in  1.019 seconds
Platform modules already initialized, skipping
Refreshing native plugins compatible for Editor in 0.30 ms, found 1 plugins.
Preloading 0 native plugins for Editor in 0.00 ms.
Unloading 1111 Unused Serialized files (Serialized files now loaded: 0)
System memory in use before: 108.4 MB.
System memory in use after: 108.4 MB.

Unloading 5 unused Assets to reduce memory usage. Loaded Objects now: 1561.
Total: 1.710060 ms (FindLiveObjects: 0.136662 ms CreateObjectMapping: 0.037717 ms MarkObjects: 1.476128 ms  DeleteObjects: 0.058270 ms)

========================================================================
Received Prepare
Registering precompiled user dll's ...
Registered in 0.000412 seconds.
Begin MonoManager ReloadAssembly
Native extension for OSXStandalone target not found
Refreshing native plugins compatible for Editor in 0.24 ms, found 1 plugins.
Preloading 0 native plugins for Editor in 0.00 ms.
Invoked RoslynAnalysisRunner static constructor.
RoslynAnalysisRunner will not be running.
RoslynAnalysisRunner has terminated.
Mono: successfully reloaded assembly
- Completed reload, in  0.939 seconds
Platform modules already initialized, skipping
Refreshing native plugins compatible for Editor in 0.21 ms, found 1 plugins.
Preloading 0 native plugins for Editor in 0.00 ms.
Unloading 1111 Unused Serialized files (Serialized files now loaded: 0)
System memory in use before: 108.6 MB.
System memory in use after: 108.6 MB.

Unloading 5 unused Assets to reduce memory usage. Loaded Objects now: 1564.
Total: 2.317959 ms (FindLiveObjects: 0.254989 ms CreateObjectMapping: 0.067966 ms MarkObjects: 1.927152 ms  DeleteObjects: 0.065559 ms)

========================================================================
Received Prepare
Registering precompiled user dll's ...
Registered in 0.000370 seconds.
Begin MonoManager ReloadAssembly
Native extension for OSXStandalone target not found
Refreshing native plugins compatible for Editor in 0.23 ms, found 1 plugins.
Preloading 0 native plugins for Editor in 0.00 ms.
Invoked RoslynAnalysisRunner static constructor.
RoslynAnalysisRunner will not be running.
RoslynAnalysisRunner has terminated.
Mono: successfully reloaded assembly
- Completed reload, in  0.960 seconds
Platform modules already initialized, skipping
Refreshing native plugins compatible for Editor in 0.25 ms, found 1 plugins.
Preloading 0 native plugins for Editor in 0.00 ms.
Unloading 1111 Unused Serialized files (Serialized files now loaded: 0)
System memory in use before: 108.7 MB.
System memory in use after: 108.8 MB.

Unloading 5 unused Assets to reduce memory usage. Loaded Objects now: 1567.
Total: 2.065435 ms (FindLiveObjects: 0.184149 ms CreateObjectMapping: 0.043235 ms MarkObjects: 1.779288 ms  DeleteObjects: 0.056292 ms)

========================================================================
Received Import Request.
  Time since last request: 115.867474 seconds.
  path: Assets/Scenes
  artifactKey: Guid(9bdab4b75d87b4559b077e7616339d13) Importer(815301076,1909f56bfc062723c751e8b465ee728b)
Start importing Assets/Scenes using Guid(9bdab4b75d87b4559b077e7616339d13) Importer(815301076,1909f56bfc062723c751e8b465ee728b)  -> (artifact id: '5c0f69ac5edeff3a2b15482240cf5d71') in 0.010832 seconds
  Import took 0.015010 seconds .

========================================================================
Received Import Request.
  Time since last request: 2.364632 seconds.
  path: Assets/Prefabs/RectangularPrism.prefab
  artifactKey: Guid(a22d79d99002d4c8882fdf819f736c19) Importer(815301076,1909f56bfc062723c751e8b465ee728b)
Start importing Assets/Prefabs/RectangularPrism.prefab using Guid(a22d79d99002d4c8882fdf819f736c19) Importer(815301076,1909f56bfc062723c751e8b465ee728b)  -> (artifact id: 'af1b358f96e207a6ebf20fb3142486d4') in 0.377429 seconds
  Import took 0.380003 seconds .

========================================================================
Received Import Request.
  Time since last request: 7.158095 seconds.
  path: Assets/Scripts/GameController.cs
  artifactKey: Guid(a2ea6d1fef30e411cb558a7c35acd7e3) Importer(815301076,1909f56bfc062723c751e8b465ee728b)
Start importing Assets/Scripts/GameController.cs using Guid(a2ea6d1fef30e411cb558a7c35acd7e3) Importer(815301076,1909f56bfc062723c751e8b465ee728b)  -> (artifact id: 'a37b3ea4c07a88c385ee7f9a29a78182') in 0.065807 seconds
  Import took 0.070214 seconds .

========================================================================
Received Prepare
Registering precompiled user dll's ...
Registered in 0.000376 seconds.
Begin MonoManager ReloadAssembly
Native extension for OSXStandalone target not found
Refreshing native plugins compatible for Editor in 0.26 ms, found 1 plugins.
Preloading 0 native plugins for Editor in 0.00 ms.
Invoked RoslynAnalysisRunner static constructor.
RoslynAnalysisRunner will not be running.
RoslynAnalysisRunner has terminated.
Mono: successfully reloaded assembly
- Completed reload, in  0.935 seconds
Platform modules already initialized, skipping
Refreshing native plugins compatible for Editor in 0.25 ms, found 1 plugins.
Preloading 0 native plugins for Editor in 0.00 ms.
Unloading 1111 Unused Serialized files (Serialized files now loaded: 0)
System memory in use before: 117.8 MB.
System memory in use after: 117.8 MB.

Unloading 6 unused Assets to reduce memory usage. Loaded Objects now: 1578.
Total: 2.641331 ms (FindLiveObjects: 0.307828 ms CreateObjectMapping: 0.080170 ms MarkObjects: 2.166033 ms  DeleteObjects: 0.085068 ms)

========================================================================
Received Import Request.
  Time since last request: 256.332585 seconds.
  path: Assets/Scripts/GameController.cs
  artifactKey: Guid(a2ea6d1fef30e411cb558a7c35acd7e3) Importer(815301076,1909f56bfc062723c751e8b465ee728b)
Start importing Assets/Scripts/GameController.cs using Guid(a2ea6d1fef30e411cb558a7c35acd7e3) Importer(815301076,1909f56bfc062723c751e8b465ee728b)  -> (artifact id: '24e543be7b795ba01c223cc474424982') in 0.004887 seconds
  Import took 0.008684 seconds .

========================================================================
Received Import Request.
  Time since last request: 1.898738 seconds.
  path: Assets/Scripts/GameController.cs
  artifactKey: Guid(a2ea6d1fef30e411cb558a7c35acd7e3) Importer(815301076,1909f56bfc062723c751e8b465ee728b)
Start importing Assets/Scripts/GameController.cs using Guid(a2ea6d1fef30e411cb558a7c35acd7e3) Importer(815301076,1909f56bfc062723c751e8b465ee728b)  -> (artifact id: '8989da11d3c541ed6d6a7680fd04c807') in 0.001446 seconds
  Import took 0.004770 seconds .

========================================================================
Received Prepare
Registering precompiled user dll's ...
Registered in 0.000398 seconds.
Begin MonoManager ReloadAssembly
Native extension for OSXStandalone target not found
Refreshing native plugins compatible for Editor in 0.25 ms, found 1 plugins.
Preloading 0 native plugins for Editor in 0.00 ms.
Invoked RoslynAnalysisRunner static constructor.
RoslynAnalysisRunner will not be running.
RoslynAnalysisRunner has terminated.
Mono: successfully reloaded assembly
- Completed reload, in  0.937 seconds
Platform modules already initialized, skipping
Refreshing native plugins compatible for Editor in 0.21 ms, found 1 plugins.
Preloading 0 native plugins for Editor in 0.00 ms.
Unloading 1111 Unused Serialized files (Serialized files now loaded: 0)
System memory in use before: 118.0 MB.
System memory in use after: 118.0 MB.

Unloading 5 unused Assets to reduce memory usage. Loaded Objects now: 1581.
Total: 2.460765 ms (FindLiveObjects: 0.237700 ms CreateObjectMapping: 0.070502 ms MarkObjects: 2.082100 ms  DeleteObjects: 0.066386 ms)

========================================================================
Received Import Request.
  Time since last request: 13.368956 seconds.
  path: Assets/Scripts/GameController.cs
  artifactKey: Guid(a2ea6d1fef30e411cb558a7c35acd7e3) Importer(815301076,1909f56bfc062723c751e8b465ee728b)
Start importing Assets/Scripts/GameController.cs using Guid(a2ea6d1fef30e411cb558a7c35acd7e3) Importer(815301076,1909f56bfc062723c751e8b465ee728b)  -> (artifact id: '9bc46258c2fb7d945fe3823bc5dfb49b') in 0.005668 seconds
  Import took 0.008805 seconds .

========================================================================
Received Import Request.
  Time since last request: 6041.296682 seconds.
  path: Assets/Scripts/GameController.cs
  artifactKey: Guid(a2ea6d1fef30e411cb558a7c35acd7e3) Importer(815301076,1909f56bfc062723c751e8b465ee728b)
Start importing Assets/Scripts/GameController.cs using Guid(a2ea6d1fef30e411cb558a7c35acd7e3) Importer(815301076,1909f56bfc062723c751e8b465ee728b)  -> (artifact id: '4b9a58e3e13658b1ca4f325c3bfcef65') in 0.003985 seconds
  Import took 0.011949 seconds .

========================================================================
Received Import Request.
  Time since last request: 122.474073 seconds.
  path: Assets/Scripts/GameController.cs
  artifactKey: Guid(a2ea6d1fef30e411cb558a7c35acd7e3) Importer(815301076,1909f56bfc062723c751e8b465ee728b)
Start importing Assets/Scripts/GameController.cs using Guid(a2ea6d1fef30e411cb558a7c35acd7e3) Importer(815301076,1909f56bfc062723c751e8b465ee728b)  -> (artifact id: '1f4f404f25135ff66edac837c0616925') in 0.001311 seconds
  Import took 0.004357 seconds .

========================================================================
Received Prepare
Registering precompiled user dll's ...
Registered in 0.000569 seconds.
Begin MonoManager ReloadAssembly
Native extension for OSXStandalone target not found
Refreshing native plugins compatible for Editor in 0.30 ms, found 1 plugins.
Preloading 0 native plugins for Editor in 0.00 ms.
Invoked RoslynAnalysisRunner static constructor.
RoslynAnalysisRunner will not be running.
RoslynAnalysisRunner has terminated.
Mono: successfully reloaded assembly
- Completed reload, in  0.932 seconds
Platform modules already initialized, skipping
Refreshing native plugins compatible for Editor in 0.53 ms, found 1 plugins.
Preloading 0 native plugins for Editor in 0.00 ms.
Unloading 1111 Unused Serialized files (Serialized files now loaded: 0)
System memory in use before: 118.1 MB.
System memory in use after: 118.2 MB.

Unloading 5 unused Assets to reduce memory usage. Loaded Objects now: 1584.
Total: 2.999294 ms (FindLiveObjects: 0.435397 ms CreateObjectMapping: 0.116040 ms MarkObjects: 2.332501 ms  DeleteObjects: 0.111987 ms)

========================================================================
Received Import Request.
  Time since last request: 86.597335 seconds.
  path: Assets/Scripts/GameController.cs
  artifactKey: Guid(a2ea6d1fef30e411cb558a7c35acd7e3) Importer(815301076,1909f56bfc062723c751e8b465ee728b)
Start importing Assets/Scripts/GameController.cs using Guid(a2ea6d1fef30e411cb558a7c35acd7e3) Importer(815301076,1909f56bfc062723c751e8b465ee728b)  -> (artifact id: 'a17c50dc3ab374c906c55a30cb64ee5e') in 0.004324 seconds
  Import took 0.007105 seconds .

========================================================================
Received Prepare
Registering precompiled user dll's ...
Registered in 0.000474 seconds.
Begin MonoManager ReloadAssembly
Native extension for OSXStandalone target not found
Refreshing native plugins compatible for Editor in 0.23 ms, found 1 plugins.
Preloading 0 native plugins for Editor in 0.00 ms.
Invoked RoslynAnalysisRunner static constructor.
RoslynAnalysisRunner will not be running.
RoslynAnalysisRunner has terminated.
Mono: successfully reloaded assembly
- Completed reload, in  0.971 seconds
Platform modules already initialized, skipping
Refreshing native plugins compatible for Editor in 0.21 ms, found 1 plugins.
Preloading 0 native plugins for Editor in 0.00 ms.
Unloading 1111 Unused Serialized files (Serialized files now loaded: 0)
System memory in use before: 118.3 MB.
System memory in use after: 118.4 MB.

Unloading 5 unused Assets to reduce memory usage. Loaded Objects now: 1587.
Total: 2.682980 ms (FindLiveObjects: 0.311956 ms CreateObjectMapping: 0.083960 ms MarkObjects: 2.213407 ms  DeleteObjects: 0.070728 ms)

========================================================================
Received Prepare
Registering precompiled user dll's ...
Registered in 0.000560 seconds.
Begin MonoManager ReloadAssembly
Native extension for OSXStandalone target not found
Refreshing native plugins compatible for Editor in 0.23 ms, found 1 plugins.
Preloading 0 native plugins for Editor in 0.00 ms.
Invoked RoslynAnalysisRunner static constructor.
RoslynAnalysisRunner will not be running.
RoslynAnalysisRunner has terminated.
Mono: successfully reloaded assembly
- Completed reload, in  0.992 seconds
Platform modules already initialized, skipping
Refreshing native plugins compatible for Editor in 0.26 ms, found 1 plugins.
Preloading 0 native plugins for Editor in 0.00 ms.
Unloading 1111 Unused Serialized files (Serialized files now loaded: 0)
System memory in use before: 118.5 MB.
System memory in use after: 118.5 MB.

Unloading 5 unused Assets to reduce memory usage. Loaded Objects now: 1590.
Total: 2.290674 ms (FindLiveObjects: 0.358586 ms CreateObjectMapping: 0.072197 ms MarkObjects: 1.785815 ms  DeleteObjects: 0.071624 ms)

========================================================================
Received Prepare
Registering precompiled user dll's ...
Registered in 0.000359 seconds.
Begin MonoManager ReloadAssembly
Native extension for OSXStandalone target not found
Refreshing native plugins compatible for Editor in 0.42 ms, found 1 plugins.
Preloading 0 native plugins for Editor in 0.00 ms.
Invoked RoslynAnalysisRunner static constructor.
RoslynAnalysisRunner will not be running.
RoslynAnalysisRunner has terminated.
Mono: successfully reloaded assembly
- Completed reload, in  1.547 seconds
Platform modules already initialized, skipping
Refreshing native plugins compatible for Editor in 0.35 ms, found 1 plugins.
Preloading 0 native plugins for Editor in 0.00 ms.
Unloading 1111 Unused Serialized files (Serialized files now loaded: 0)
System memory in use before: 118.6 MB.
System memory in use after: 118.7 MB.

Unloading 5 unused Assets to reduce memory usage. Loaded Objects now: 1593.
Total: 2.321284 ms (FindLiveObjects: 0.241337 ms CreateObjectMapping: 0.056377 ms MarkObjects: 1.965634 ms  DeleteObjects: 0.056463 ms)

========================================================================
Received Prepare
Registering precompiled user dll's ...
Registered in 0.000373 seconds.
Begin MonoManager ReloadAssembly
Native extension for OSXStandalone target not found
Refreshing native plugins compatible for Editor in 0.40 ms, found 1 plugins.
Preloading 0 native plugins for Editor in 0.00 ms.
Invoked RoslynAnalysisRunner static constructor.
RoslynAnalysisRunner will not be running.
RoslynAnalysisRunner has terminated.
Mono: successfully reloaded assembly
- Completed reload, in  1.562 seconds
Platform modules already initialized, skipping
Refreshing native plugins compatible for Editor in 0.35 ms, found 1 plugins.
Preloading 0 native plugins for Editor in 0.00 ms.
Unloading 1111 Unused Serialized files (Serialized files now loaded: 0)
System memory in use before: 118.8 MB.
System memory in use after: 118.9 MB.

Unloading 5 unused Assets to reduce memory usage. Loaded Objects now: 1596.
Total: 1.570588 ms (FindLiveObjects: 0.140424 ms CreateObjectMapping: 0.034342 ms MarkObjects: 1.344711 ms  DeleteObjects: 0.049364 ms)

